[debug] [2021-02-02T06:11:53.865Z] ----------------------------------------------------------------------
[debug] [2021-02-02T06:11:53.867Z] Command:       /Users/oidacra/.nvm/versions/node/v14.5.0/bin/node /Users/oidacra/.nvm/versions/node/v14.5.0/bin/firebase deploy --only functions --debug
[debug] [2021-02-02T06:11:53.867Z] CLI Version:   9.3.0
[debug] [2021-02-02T06:11:53.867Z] Platform:      darwin
[debug] [2021-02-02T06:11:53.867Z] Node Version:  v14.5.0
[debug] [2021-02-02T06:11:53.875Z] Time:          Tue Feb 02 2021 01:11:53 GMT-0500 (Eastern Standard Time)
[debug] [2021-02-02T06:11:53.875Z] ----------------------------------------------------------------------
[debug] [2021-02-02T06:11:53.875Z] 
[debug] [2021-02-02T06:11:53.884Z] > command requires scopes: ["email","openid","https://www.googleapis.com/auth/cloudplatformprojects.readonly","https://www.googleapis.com/auth/firebase","https://www.googleapis.com/auth/cloud-platform"]
[debug] [2021-02-02T06:11:53.885Z] > authorizing via signed-in user
[debug] [2021-02-02T06:11:53.886Z] [iam] checking project vaki-project-d00bd for permissions ["cloudfunctions.functions.create","cloudfunctions.functions.delete","cloudfunctions.functions.get","cloudfunctions.functions.list","cloudfunctions.functions.update","cloudfunctions.operations.get","firebase.projects.get"]
[debug] [2021-02-02T06:11:53.889Z] >>> HTTP REQUEST POST https://cloudresourcemanager.googleapis.com/v1/projects/vaki-project-d00bd:testIamPermissions  
 {"permissions":["cloudfunctions.functions.create","cloudfunctions.functions.delete","cloudfunctions.functions.get","cloudfunctions.functions.list","cloudfunctions.functions.update","cloudfunctions.operations.get","firebase.projects.get"]}
[debug] [2021-02-02T06:11:54.991Z] <<< HTTP RESPONSE 200 {"content-type":"application/json; charset=UTF-8","vary":"X-Origin, Referer, Origin,Accept-Encoding","date":"Tue, 02 Feb 2021 06:11:55 GMT","server":"ESF","cache-control":"private","x-xss-protection":"0","x-frame-options":"SAMEORIGIN","x-content-type-options":"nosniff","server-timing":"gfet4t7; dur=428","alt-svc":"h3-29=\":443\"; ma=2592000,h3-T051=\":443\"; ma=2592000,h3-Q050=\":443\"; ma=2592000,h3-Q046=\":443\"; ma=2592000,h3-Q043=\":443\"; ma=2592000,quic=\":443\"; ma=2592000; v=\"46,43\"","accept-ranges":"none","transfer-encoding":"chunked"}
[debug] [2021-02-02T06:11:54.993Z] >>> HTTP REQUEST POST https://iam.googleapis.com/v1/projects/vaki-project-d00bd/serviceAccounts/vaki-project-d00bd@appspot.gserviceaccount.com:testIamPermissions  
 {"permissions":["iam.serviceAccounts.actAs"]}
[debug] [2021-02-02T06:11:55.965Z] <<< HTTP RESPONSE 200 {"content-type":"application/json; charset=UTF-8","vary":"X-Origin, Referer, Origin,Accept-Encoding","date":"Tue, 02 Feb 2021 06:11:56 GMT","server":"ESF","cache-control":"private","x-xss-protection":"0","x-frame-options":"SAMEORIGIN","x-content-type-options":"nosniff","alt-svc":"h3-29=\":443\"; ma=2592000,h3-T051=\":443\"; ma=2592000,h3-Q050=\":443\"; ma=2592000,h3-Q046=\":443\"; ma=2592000,h3-Q043=\":443\"; ma=2592000,quic=\":443\"; ma=2592000; v=\"46,43\"","accept-ranges":"none","transfer-encoding":"chunked"}
[info] 
[info] === Deploying to 'vaki-project-d00bd'...
[info] 
[info] i  deploying functions 
[debug] [2021-02-02T06:11:58.554Z] > [functions] package.json contents: {
  "name": "functions",
  "description": "Cloud Functions for Firebase",
  "scripts": {
    "serve": "firebase emulators:start --only functions",
    "shell": "firebase functions:shell",
    "start": "npm run shell",
    "deploy": "firebase deploy --only functions",
    "logs": "firebase functions:log"
  },
  "engines": {
    "node": "12"
  },
  "main": "index.js",
  "dependencies": {
    "firebase-admin": "^9.2.0",
    "firebase-functions": "^3.11.0"
  },
  "devDependencies": {
    "firebase-functions-test": "^0.2.0"
  },
  "private": true
}
[info] i  functions: ensuring required API cloudfunctions.googleapis.com is enabled... 
[info] i  functions: ensuring required API cloudbuild.googleapis.com is enabled... 
[debug] [2021-02-02T06:11:59.499Z] >>> HTTP REQUEST GET https://serviceusage.googleapis.com/v1/projects/vaki-project-d00bd/services/cloudfunctions.googleapis.com  
 
[debug] [2021-02-02T06:11:59.499Z] >>> HTTP REQUEST GET https://serviceusage.googleapis.com/v1/projects/vaki-project-d00bd/services/runtimeconfig.googleapis.com  
 
[debug] [2021-02-02T06:11:59.506Z] >>> HTTP REQUEST GET https://serviceusage.googleapis.com/v1/projects/vaki-project-d00bd/services/cloudbuild.googleapis.com  
 
[debug] [2021-02-02T06:12:00.709Z] <<< HTTP RESPONSE 200 {"content-type":"application/json; charset=UTF-8","vary":"X-Origin, Referer, Origin,Accept-Encoding","date":"Tue, 02 Feb 2021 06:12:00 GMT","server":"ESF","cache-control":"private","x-xss-protection":"0","x-frame-options":"SAMEORIGIN","x-content-type-options":"nosniff","alt-svc":"h3-29=\":443\"; ma=2592000,h3-T051=\":443\"; ma=2592000,h3-Q050=\":443\"; ma=2592000,h3-Q046=\":443\"; ma=2592000,h3-Q043=\":443\"; ma=2592000,quic=\":443\"; ma=2592000; v=\"46,43\"","accept-ranges":"none","transfer-encoding":"chunked"}
[debug] [2021-02-02T06:12:00.779Z] <<< HTTP RESPONSE 200 {"content-type":"application/json; charset=UTF-8","vary":"X-Origin, Referer, Origin,Accept-Encoding","date":"Tue, 02 Feb 2021 06:12:00 GMT","server":"ESF","cache-control":"private","x-xss-protection":"0","x-frame-options":"SAMEORIGIN","x-content-type-options":"nosniff","alt-svc":"h3-29=\":443\"; ma=2592000,h3-T051=\":443\"; ma=2592000,h3-Q050=\":443\"; ma=2592000,h3-Q046=\":443\"; ma=2592000,h3-Q043=\":443\"; ma=2592000,quic=\":443\"; ma=2592000; v=\"46,43\"","accept-ranges":"none","transfer-encoding":"chunked"}
[info] ✔  functions: required API cloudbuild.googleapis.com is enabled 
[debug] [2021-02-02T06:12:00.819Z] <<< HTTP RESPONSE 200 {"content-type":"application/json; charset=UTF-8","vary":"X-Origin, Referer, Origin,Accept-Encoding","date":"Tue, 02 Feb 2021 06:12:00 GMT","server":"ESF","cache-control":"private","x-xss-protection":"0","x-frame-options":"SAMEORIGIN","x-content-type-options":"nosniff","alt-svc":"h3-29=\":443\"; ma=2592000,h3-T051=\":443\"; ma=2592000,h3-Q050=\":443\"; ma=2592000,h3-Q046=\":443\"; ma=2592000,h3-Q043=\":443\"; ma=2592000,quic=\":443\"; ma=2592000; v=\"46,43\"","accept-ranges":"none","transfer-encoding":"chunked"}
[info] ✔  functions: required API cloudfunctions.googleapis.com is enabled 
[debug] [2021-02-02T06:12:00.820Z] >>> HTTP REQUEST GET https://firebase.googleapis.com/v1beta1/projects/vaki-project-d00bd/adminSdkConfig  
 
[debug] [2021-02-02T06:12:01.643Z] <<< HTTP RESPONSE 200 {"content-type":"application/json; charset=UTF-8","vary":"X-Origin, Referer, Origin,Accept-Encoding","date":"Tue, 02 Feb 2021 06:12:01 GMT","server":"ESF","cache-control":"private","x-xss-protection":"0","x-frame-options":"SAMEORIGIN","x-content-type-options":"nosniff","alt-svc":"h3-29=\":443\"; ma=2592000,h3-T051=\":443\"; ma=2592000,h3-Q050=\":443\"; ma=2592000,h3-Q046=\":443\"; ma=2592000,h3-Q043=\":443\"; ma=2592000,quic=\":443\"; ma=2592000; v=\"46,43\"","accept-ranges":"none","transfer-encoding":"chunked"}
[info] i  functions: preparing functions directory for uploading... 
[debug] [2021-02-02T06:12:01.644Z] >>> HTTP REQUEST GET https://runtimeconfig.googleapis.com/v1beta1/projects/vaki-project-d00bd/configs  
 
[debug] [2021-02-02T06:12:02.347Z] <<< HTTP RESPONSE 200 {"content-type":"application/json; charset=UTF-8","vary":"X-Origin, Referer, Origin,Accept-Encoding","date":"Tue, 02 Feb 2021 06:12:02 GMT","server":"ESF","cache-control":"private","x-xss-protection":"0","x-frame-options":"SAMEORIGIN","x-content-type-options":"nosniff","alt-svc":"h3-29=\":443\"; ma=2592000,h3-T051=\":443\"; ma=2592000,h3-Q050=\":443\"; ma=2592000,h3-Q046=\":443\"; ma=2592000,h3-Q043=\":443\"; ma=2592000,quic=\":443\"; ma=2592000; v=\"46,43\"","accept-ranges":"none","transfer-encoding":"chunked"}
[info] i  functions: packaged functions (21.12 KB) for uploading 
[debug] [2021-02-02T06:12:02.548Z] >>> HTTP REQUEST GET https://cloudfunctions.googleapis.com/v1/projects/vaki-project-d00bd/locations/-/functions  
 
[debug] [2021-02-02T06:12:03.741Z] <<< HTTP RESPONSE 200 {"content-type":"application/json; charset=UTF-8","vary":"X-Origin, Referer, Origin,Accept-Encoding","date":"Tue, 02 Feb 2021 06:12:03 GMT","server":"ESF","cache-control":"private","x-xss-protection":"0","x-frame-options":"SAMEORIGIN","x-content-type-options":"nosniff","alt-svc":"h3-29=\":443\"; ma=2592000,h3-T051=\":443\"; ma=2592000,h3-Q050=\":443\"; ma=2592000,h3-Q046=\":443\"; ma=2592000,h3-Q043=\":443\"; ma=2592000,quic=\":443\"; ma=2592000; v=\"46,43\"","accept-ranges":"none","transfer-encoding":"chunked"}
[debug] [2021-02-02T06:12:03.744Z] [functions] found 1 new HTTP functions, testing setIamPolicy permission...
[debug] [2021-02-02T06:12:03.744Z] >>> HTTP REQUEST POST https://cloudresourcemanager.googleapis.com/v1/projects/vaki-project-d00bd:testIamPermissions  
 {"permissions":["cloudfunctions.functions.setIamPolicy"]}
[debug] [2021-02-02T06:12:04.416Z] <<< HTTP RESPONSE 200 {"content-type":"application/json; charset=UTF-8","vary":"X-Origin, Referer, Origin,Accept-Encoding","date":"Tue, 02 Feb 2021 06:12:04 GMT","server":"ESF","cache-control":"private","x-xss-protection":"0","x-frame-options":"SAMEORIGIN","x-content-type-options":"nosniff","server-timing":"gfet4t7; dur=422","alt-svc":"h3-29=\":443\"; ma=2592000,h3-T051=\":443\"; ma=2592000,h3-Q050=\":443\"; ma=2592000,h3-Q046=\":443\"; ma=2592000,h3-Q043=\":443\"; ma=2592000,quic=\":443\"; ma=2592000; v=\"46,43\"","accept-ranges":"none","transfer-encoding":"chunked"}
[debug] [2021-02-02T06:12:04.417Z] [functions] found setIamPolicy permission, proceeding with deploy
[debug] [2021-02-02T06:12:04.418Z] >>> HTTP REQUEST POST https://cloudfunctions.googleapis.com/v1/projects/vaki-project-d00bd/locations/us-central1/functions:generateUploadUrl  
 
[debug] [2021-02-02T06:12:05.459Z] <<< HTTP RESPONSE 200 {"content-type":"application/json; charset=UTF-8","vary":"X-Origin, Referer, Origin,Accept-Encoding","date":"Tue, 02 Feb 2021 06:12:05 GMT","server":"ESF","cache-control":"private","x-xss-protection":"0","x-frame-options":"SAMEORIGIN","x-content-type-options":"nosniff","alt-svc":"h3-29=\":443\"; ma=2592000,h3-T051=\":443\"; ma=2592000,h3-Q050=\":443\"; ma=2592000,h3-Q046=\":443\"; ma=2592000,h3-Q043=\":443\"; ma=2592000,quic=\":443\"; ma=2592000; v=\"46,43\"","accept-ranges":"none","transfer-encoding":"chunked"}
[debug] [2021-02-02T06:12:05.460Z] >>> HTTP REQUEST PUT https://storage.googleapis.com/gcf-upload-us-central1-7b86c09e-c3ab-45d8-892f-3107820ddfa7/a5d079a4-94b2-496e-8117-29b9d8d2d711.zip?GoogleAccessId=service-396441712272@gcf-admin-robot.iam.gserviceaccount.com&Expires=1612248125&Signature=XhltbTTO4wnKXJpeos0GnFGua7E8SfJorRSOSzuBI%2BAnmI5SIxw1%2FH3gOd7JTMTyW8ucj8h%2FBbaDwIgS6nr%2F3UnTbaQ1Tj2uc%2FR9U%2FyAvRBoplHEE8fSEl0Sl75ZBz2BDePzx5F8WRKkIYttqMIisTMQeurU1Cvqqm4IncXFKxuyvRTAKqN55UlqCAdfBFgwKMnCGk4qO0MiGKeWLWE6fkSE9YqtUNm0G4b9vEEVXzpcuh%2BdiU5MS59Fj9aLnWVIDnwTPkfalZzv2mzOJPUBK55raKu%2BoSzn0K0EO4ks8HlyKcsWDcUfn%2FiGgHDnKkiVZcxoCF85NHSAz227vL50oA%3D%3D  
 <request body omitted>
[debug] [2021-02-02T06:12:06.560Z] <<< HTTP RESPONSE 200 {"x-guploader-uploadid":"ABg5-UwpbLIDiIZEe9kBwj0L7gLmxUgtnysn-AY1SLcprmV6HSEQAjHdsp8NHmkwpc76giE5nzZpU7df4LEAVaLTrOs","etag":"\"de9ce06179c02c9d7d0be2055c9062b9\"","x-goog-generation":"1612246326648578","x-goog-metageneration":"1","x-goog-hash":"crc32c=9WWBIQ==, md5=3pzgYXnALJ19C+IFXJBiuQ==","x-goog-stored-content-length":"21626","x-goog-stored-content-encoding":"identity","vary":"Origin","content-length":"0","date":"Tue, 02 Feb 2021 06:12:06 GMT","server":"UploadServer","content-type":"text/html; charset=UTF-8","alt-svc":"h3-29=\":443\"; ma=2592000,h3-T051=\":443\"; ma=2592000,h3-Q050=\":443\"; ma=2592000,h3-Q046=\":443\"; ma=2592000,h3-Q043=\":443\"; ma=2592000,quic=\":443\"; ma=2592000; v=\"46,43\""}
[info] ✔  functions: functions folder uploaded successfully 
[info] i  functions: creating Node.js 12 function checkDisponibilidad(us-central1)... 
[debug] [2021-02-02T06:12:06.564Z] Trigger is:  {"httpsTrigger":{}}
[info] 
The following functions are found in your project but do not exist in your local source code:
	test(us-central1)

If you are renaming a function or changing its region, it is recommended that you create the new function first before deleting the old one to prevent event loss. For more info, visit https://firebase.google.com/docs/functions/manage-functions#modify

[info] i  functions: deleting function test(us-central1)... 
[debug] [2021-02-02T06:12:19.525Z] >>> HTTP REQUEST POST https://cloudfunctions.googleapis.com/v1/projects/vaki-project-d00bd/locations/us-central1/functions  
 {"sourceUploadUrl":"https://storage.googleapis.com/gcf-upload-us-central1-7b86c09e-c3ab-45d8-892f-3107820ddfa7/a5d079a4-94b2-496e-8117-29b9d8d2d711.zip?GoogleAccessId=service-396441712272@gcf-admin-robot.iam.gserviceaccount.com&Expires=1612248125&Signature=XhltbTTO4wnKXJpeos0GnFGua7E8SfJorRSOSzuBI%2BAnmI5SIxw1%2FH3gOd7JTMTyW8ucj8h%2FBbaDwIgS6nr%2F3UnTbaQ1Tj2uc%2FR9U%2FyAvRBoplHEE8fSEl0Sl75ZBz2BDePzx5F8WRKkIYttqMIisTMQeurU1Cvqqm4IncXFKxuyvRTAKqN55UlqCAdfBFgwKMnCGk4qO0MiGKeWLWE6fkSE9YqtUNm0G4b9vEEVXzpcuh%2BdiU5MS59Fj9aLnWVIDnwTPkfalZzv2mzOJPUBK55raKu%2BoSzn0K0EO4ks8HlyKcsWDcUfn%2FiGgHDnKkiVZcxoCF85NHSAz227vL50oA%3D%3D","name":"projects/vaki-project-d00bd/locations/us-central1/functions/checkDisponibilidad","entryPoint":"checkDisponibilidad","labels":{"deployment-tool":"cli-firebase"},"runtime":"nodejs12","environmentVariables":{"FIREBASE_CONFIG":"{\"projectId\":\"vaki-project-d00bd\",\"storageBucket\":\"vaki-project-d00bd.appspot.com\",\"locationId\":\"us-central\"}"},"httpsTrigger":{}}
[debug] [2021-02-02T06:12:19.528Z] >>> HTTP REQUEST DELETE https://cloudfunctions.googleapis.com/v1/projects/vaki-project-d00bd/locations/us-central1/functions/test  
 
[debug] [2021-02-02T06:12:20.518Z] <<< HTTP RESPONSE 200 {"content-type":"application/json; charset=UTF-8","vary":"X-Origin, Referer, Origin,Accept-Encoding","date":"Tue, 02 Feb 2021 06:12:20 GMT","server":"ESF","cache-control":"private","x-xss-protection":"0","x-frame-options":"SAMEORIGIN","x-content-type-options":"nosniff","alt-svc":"h3-29=\":443\"; ma=2592000,h3-T051=\":443\"; ma=2592000,h3-Q050=\":443\"; ma=2592000,h3-Q046=\":443\"; ma=2592000,h3-Q043=\":443\"; ma=2592000,quic=\":443\"; ma=2592000; v=\"46,43\"","accept-ranges":"none","transfer-encoding":"chunked"}
[debug] [2021-02-02T06:12:20.562Z] <<< HTTP RESPONSE 200 {"content-type":"application/json; charset=UTF-8","vary":"X-Origin, Referer, Origin,Accept-Encoding","date":"Tue, 02 Feb 2021 06:12:20 GMT","server":"ESF","cache-control":"private","x-xss-protection":"0","x-frame-options":"SAMEORIGIN","x-content-type-options":"nosniff","alt-svc":"h3-29=\":443\"; ma=2592000,h3-T051=\":443\"; ma=2592000,h3-Q050=\":443\"; ma=2592000,h3-Q046=\":443\"; ma=2592000,h3-Q043=\":443\"; ma=2592000,quic=\":443\"; ma=2592000; v=\"46,43\"","accept-ranges":"none","transfer-encoding":"chunked"}
[debug] [2021-02-02T06:12:20.563Z] Setting public policy for function checkDisponibilidad
[debug] [2021-02-02T06:12:20.564Z] >>> HTTP REQUEST POST https://cloudfunctions.googleapis.com/v1/projects/vaki-project-d00bd/locations/us-central1/functions/checkDisponibilidad:setIamPolicy  
 {"policy":{"version":3,"bindings":[{"role":"roles/cloudfunctions.invoker","members":["allUsers"]}]},"updateMask":"version,bindings"}
[debug] [2021-02-02T06:12:21.178Z] <<< HTTP RESPONSE 200 {"content-type":"application/json; charset=UTF-8","vary":"X-Origin, Referer, Origin,Accept-Encoding","date":"Tue, 02 Feb 2021 06:12:21 GMT","server":"ESF","cache-control":"private","x-xss-protection":"0","x-frame-options":"SAMEORIGIN","x-content-type-options":"nosniff","alt-svc":"h3-29=\":443\"; ma=2592000,h3-T051=\":443\"; ma=2592000,h3-Q050=\":443\"; ma=2592000,h3-Q046=\":443\"; ma=2592000,h3-Q043=\":443\"; ma=2592000,quic=\":443\"; ma=2592000; v=\"46,43\"","accept-ranges":"none","transfer-encoding":"chunked"}
[debug] [2021-02-02T06:12:21.180Z] >>> HTTP REQUEST GET https://cloudfunctions.googleapis.com/v1/projects/vaki-project-d00bd/locations/-/functions  
 
[debug] [2021-02-02T06:12:22.092Z] <<< HTTP RESPONSE 200 {"content-type":"application/json; charset=UTF-8","vary":"X-Origin, Referer, Origin,Accept-Encoding","date":"Tue, 02 Feb 2021 06:12:22 GMT","server":"ESF","cache-control":"private","x-xss-protection":"0","x-frame-options":"SAMEORIGIN","x-content-type-options":"nosniff","alt-svc":"h3-29=\":443\"; ma=2592000,h3-T051=\":443\"; ma=2592000,h3-Q050=\":443\"; ma=2592000,h3-Q046=\":443\"; ma=2592000,h3-Q043=\":443\"; ma=2592000,quic=\":443\"; ma=2592000; v=\"46,43\"","accept-ranges":"none","transfer-encoding":"chunked"}
[debug] [2021-02-02T06:12:22.095Z] >>> HTTP REQUEST GET https://cloudfunctions.googleapis.com/v1/operations/dmFraS1wcm9qZWN0LWQwMGJkL3VzLWNlbnRyYWwxL2NoZWNrRGlzcG9uaWJpbGlkYWQvNGk5R19xazVJMTg  
 
[debug] [2021-02-02T06:12:22.097Z] >>> HTTP REQUEST GET https://cloudfunctions.googleapis.com/v1/operations/dmFraS1wcm9qZWN0LWQwMGJkL3VzLWNlbnRyYWwxL3Rlc3QvV1FIMTRGUHdoaE0  
 
[debug] [2021-02-02T06:12:22.615Z] <<< HTTP RESPONSE 200 {"content-type":"application/json; charset=UTF-8","vary":"X-Origin, Referer, Origin,Accept-Encoding","date":"Tue, 02 Feb 2021 06:12:22 GMT","server":"ESF","cache-control":"private","x-xss-protection":"0","x-frame-options":"SAMEORIGIN","x-content-type-options":"nosniff","alt-svc":"h3-29=\":443\"; ma=2592000,h3-T051=\":443\"; ma=2592000,h3-Q050=\":443\"; ma=2592000,h3-Q046=\":443\"; ma=2592000,h3-Q043=\":443\"; ma=2592000,quic=\":443\"; ma=2592000; v=\"46,43\"","accept-ranges":"none","transfer-encoding":"chunked"}
[debug] [2021-02-02T06:12:22.617Z] <<< HTTP RESPONSE 200 {"content-type":"application/json; charset=UTF-8","vary":"X-Origin, Referer, Origin,Accept-Encoding","date":"Tue, 02 Feb 2021 06:12:22 GMT","server":"ESF","cache-control":"private","x-xss-protection":"0","x-frame-options":"SAMEORIGIN","x-content-type-options":"nosniff","alt-svc":"h3-29=\":443\"; ma=2592000,h3-T051=\":443\"; ma=2592000,h3-Q050=\":443\"; ma=2592000,h3-Q046=\":443\"; ma=2592000,h3-Q043=\":443\"; ma=2592000,quic=\":443\"; ma=2592000; v=\"46,43\"","accept-ranges":"none","transfer-encoding":"chunked"}
[debug] [2021-02-02T06:12:24.619Z] >>> HTTP REQUEST GET https://cloudfunctions.googleapis.com/v1/operations/dmFraS1wcm9qZWN0LWQwMGJkL3VzLWNlbnRyYWwxL2NoZWNrRGlzcG9uaWJpbGlkYWQvNGk5R19xazVJMTg  
 
[debug] [2021-02-02T06:12:24.620Z] >>> HTTP REQUEST GET https://cloudfunctions.googleapis.com/v1/operations/dmFraS1wcm9qZWN0LWQwMGJkL3VzLWNlbnRyYWwxL3Rlc3QvV1FIMTRGUHdoaE0  
 
[debug] [2021-02-02T06:12:25.237Z] <<< HTTP RESPONSE 200 {"content-type":"application/json; charset=UTF-8","vary":"X-Origin, Referer, Origin,Accept-Encoding","date":"Tue, 02 Feb 2021 06:12:25 GMT","server":"ESF","cache-control":"private","x-xss-protection":"0","x-frame-options":"SAMEORIGIN","x-content-type-options":"nosniff","alt-svc":"h3-29=\":443\"; ma=2592000,h3-T051=\":443\"; ma=2592000,h3-Q050=\":443\"; ma=2592000,h3-Q046=\":443\"; ma=2592000,h3-Q043=\":443\"; ma=2592000,quic=\":443\"; ma=2592000; v=\"46,43\"","accept-ranges":"none","transfer-encoding":"chunked"}
[info] ✔  functions[test(us-central1)]: Successful delete operation.  
[debug] [2021-02-02T06:12:25.241Z] <<< HTTP RESPONSE 200 {"content-type":"application/json; charset=UTF-8","vary":"X-Origin, Referer, Origin,Accept-Encoding","date":"Tue, 02 Feb 2021 06:12:25 GMT","server":"ESF","cache-control":"private","x-xss-protection":"0","x-frame-options":"SAMEORIGIN","x-content-type-options":"nosniff","alt-svc":"h3-29=\":443\"; ma=2592000,h3-T051=\":443\"; ma=2592000,h3-Q050=\":443\"; ma=2592000,h3-Q046=\":443\"; ma=2592000,h3-Q043=\":443\"; ma=2592000,quic=\":443\"; ma=2592000; v=\"46,43\"","accept-ranges":"none","transfer-encoding":"chunked"}
[debug] [2021-02-02T06:12:27.242Z] >>> HTTP REQUEST GET https://cloudfunctions.googleapis.com/v1/operations/dmFraS1wcm9qZWN0LWQwMGJkL3VzLWNlbnRyYWwxL2NoZWNrRGlzcG9uaWJpbGlkYWQvNGk5R19xazVJMTg  
 
[debug] [2021-02-02T06:12:27.858Z] <<< HTTP RESPONSE 200 {"content-type":"application/json; charset=UTF-8","vary":"X-Origin, Referer, Origin,Accept-Encoding","date":"Tue, 02 Feb 2021 06:12:27 GMT","server":"ESF","cache-control":"private","x-xss-protection":"0","x-frame-options":"SAMEORIGIN","x-content-type-options":"nosniff","alt-svc":"h3-29=\":443\"; ma=2592000,h3-T051=\":443\"; ma=2592000,h3-Q050=\":443\"; ma=2592000,h3-Q046=\":443\"; ma=2592000,h3-Q043=\":443\"; ma=2592000,quic=\":443\"; ma=2592000; v=\"46,43\"","accept-ranges":"none","transfer-encoding":"chunked"}
[debug] [2021-02-02T06:12:29.859Z] >>> HTTP REQUEST GET https://cloudfunctions.googleapis.com/v1/operations/dmFraS1wcm9qZWN0LWQwMGJkL3VzLWNlbnRyYWwxL2NoZWNrRGlzcG9uaWJpbGlkYWQvNGk5R19xazVJMTg  
 
[debug] [2021-02-02T06:12:30.479Z] <<< HTTP RESPONSE 200 {"content-type":"application/json; charset=UTF-8","vary":"X-Origin, Referer, Origin,Accept-Encoding","date":"Tue, 02 Feb 2021 06:12:30 GMT","server":"ESF","cache-control":"private","x-xss-protection":"0","x-frame-options":"SAMEORIGIN","x-content-type-options":"nosniff","alt-svc":"h3-29=\":443\"; ma=2592000,h3-T051=\":443\"; ma=2592000,h3-Q050=\":443\"; ma=2592000,h3-Q046=\":443\"; ma=2592000,h3-Q043=\":443\"; ma=2592000,quic=\":443\"; ma=2592000; v=\"46,43\"","accept-ranges":"none","transfer-encoding":"chunked"}
[debug] [2021-02-02T06:12:32.480Z] >>> HTTP REQUEST GET https://cloudfunctions.googleapis.com/v1/operations/dmFraS1wcm9qZWN0LWQwMGJkL3VzLWNlbnRyYWwxL2NoZWNrRGlzcG9uaWJpbGlkYWQvNGk5R19xazVJMTg  
 
[debug] [2021-02-02T06:12:33.102Z] <<< HTTP RESPONSE 200 {"content-type":"application/json; charset=UTF-8","vary":"X-Origin, Referer, Origin,Accept-Encoding","date":"Tue, 02 Feb 2021 06:12:33 GMT","server":"ESF","cache-control":"private","x-xss-protection":"0","x-frame-options":"SAMEORIGIN","x-content-type-options":"nosniff","alt-svc":"h3-29=\":443\"; ma=2592000,h3-T051=\":443\"; ma=2592000,h3-Q050=\":443\"; ma=2592000,h3-Q046=\":443\"; ma=2592000,h3-Q043=\":443\"; ma=2592000,quic=\":443\"; ma=2592000; v=\"46,43\"","accept-ranges":"none","transfer-encoding":"chunked"}
[debug] [2021-02-02T06:12:35.000Z] >>> HTTP REQUEST GET https://cloudfunctions.googleapis.com/v1/operations/dmFraS1wcm9qZWN0LWQwMGJkL3VzLWNlbnRyYWwxL2NoZWNrRGlzcG9uaWJpbGlkYWQvNGk5R19xazVJMTg  
 
[debug] [2021-02-02T06:12:35.619Z] <<< HTTP RESPONSE 200 {"content-type":"application/json; charset=UTF-8","vary":"X-Origin, Referer, Origin,Accept-Encoding","date":"Tue, 02 Feb 2021 06:12:35 GMT","server":"ESF","cache-control":"private","x-xss-protection":"0","x-frame-options":"SAMEORIGIN","x-content-type-options":"nosniff","alt-svc":"h3-29=\":443\"; ma=2592000,h3-T051=\":443\"; ma=2592000,h3-Q050=\":443\"; ma=2592000,h3-Q046=\":443\"; ma=2592000,h3-Q043=\":443\"; ma=2592000,quic=\":443\"; ma=2592000; v=\"46,43\"","accept-ranges":"none","transfer-encoding":"chunked"}
[debug] [2021-02-02T06:12:37.621Z] >>> HTTP REQUEST GET https://cloudfunctions.googleapis.com/v1/operations/dmFraS1wcm9qZWN0LWQwMGJkL3VzLWNlbnRyYWwxL2NoZWNrRGlzcG9uaWJpbGlkYWQvNGk5R19xazVJMTg  
 
[debug] [2021-02-02T06:12:38.240Z] <<< HTTP RESPONSE 200 {"content-type":"application/json; charset=UTF-8","vary":"X-Origin, Referer, Origin,Accept-Encoding","date":"Tue, 02 Feb 2021 06:12:38 GMT","server":"ESF","cache-control":"private","x-xss-protection":"0","x-frame-options":"SAMEORIGIN","x-content-type-options":"nosniff","alt-svc":"h3-29=\":443\"; ma=2592000,h3-T051=\":443\"; ma=2592000,h3-Q050=\":443\"; ma=2592000,h3-Q046=\":443\"; ma=2592000,h3-Q043=\":443\"; ma=2592000,quic=\":443\"; ma=2592000; v=\"46,43\"","accept-ranges":"none","transfer-encoding":"chunked"}
[debug] [2021-02-02T06:12:40.245Z] >>> HTTP REQUEST GET https://cloudfunctions.googleapis.com/v1/operations/dmFraS1wcm9qZWN0LWQwMGJkL3VzLWNlbnRyYWwxL2NoZWNrRGlzcG9uaWJpbGlkYWQvNGk5R19xazVJMTg  
 
[debug] [2021-02-02T06:12:40.863Z] <<< HTTP RESPONSE 200 {"content-type":"application/json; charset=UTF-8","vary":"X-Origin, Referer, Origin,Accept-Encoding","date":"Tue, 02 Feb 2021 06:12:40 GMT","server":"ESF","cache-control":"private","x-xss-protection":"0","x-frame-options":"SAMEORIGIN","x-content-type-options":"nosniff","alt-svc":"h3-29=\":443\"; ma=2592000,h3-T051=\":443\"; ma=2592000,h3-Q050=\":443\"; ma=2592000,h3-Q046=\":443\"; ma=2592000,h3-Q043=\":443\"; ma=2592000,quic=\":443\"; ma=2592000; v=\"46,43\"","accept-ranges":"none","transfer-encoding":"chunked"}
[debug] [2021-02-02T06:12:42.868Z] >>> HTTP REQUEST GET https://cloudfunctions.googleapis.com/v1/operations/dmFraS1wcm9qZWN0LWQwMGJkL3VzLWNlbnRyYWwxL2NoZWNrRGlzcG9uaWJpbGlkYWQvNGk5R19xazVJMTg  
 
[debug] [2021-02-02T06:12:43.482Z] <<< HTTP RESPONSE 200 {"content-type":"application/json; charset=UTF-8","vary":"X-Origin, Referer, Origin,Accept-Encoding","date":"Tue, 02 Feb 2021 06:12:43 GMT","server":"ESF","cache-control":"private","x-xss-protection":"0","x-frame-options":"SAMEORIGIN","x-content-type-options":"nosniff","alt-svc":"h3-29=\":443\"; ma=2592000,h3-T051=\":443\"; ma=2592000,h3-Q050=\":443\"; ma=2592000,h3-Q046=\":443\"; ma=2592000,h3-Q043=\":443\"; ma=2592000,quic=\":443\"; ma=2592000; v=\"46,43\"","accept-ranges":"none","transfer-encoding":"chunked"}
[debug] [2021-02-02T06:12:45.485Z] >>> HTTP REQUEST GET https://cloudfunctions.googleapis.com/v1/operations/dmFraS1wcm9qZWN0LWQwMGJkL3VzLWNlbnRyYWwxL2NoZWNrRGlzcG9uaWJpbGlkYWQvNGk5R19xazVJMTg  
 
[debug] [2021-02-02T06:12:46.104Z] <<< HTTP RESPONSE 200 {"content-type":"application/json; charset=UTF-8","vary":"X-Origin, Referer, Origin,Accept-Encoding","date":"Tue, 02 Feb 2021 06:12:46 GMT","server":"ESF","cache-control":"private","x-xss-protection":"0","x-frame-options":"SAMEORIGIN","x-content-type-options":"nosniff","alt-svc":"h3-29=\":443\"; ma=2592000,h3-T051=\":443\"; ma=2592000,h3-Q050=\":443\"; ma=2592000,h3-Q046=\":443\"; ma=2592000,h3-Q043=\":443\"; ma=2592000,quic=\":443\"; ma=2592000; v=\"46,43\"","accept-ranges":"none","transfer-encoding":"chunked"}
[debug] [2021-02-02T06:12:48.107Z] >>> HTTP REQUEST GET https://cloudfunctions.googleapis.com/v1/operations/dmFraS1wcm9qZWN0LWQwMGJkL3VzLWNlbnRyYWwxL2NoZWNrRGlzcG9uaWJpbGlkYWQvNGk5R19xazVJMTg  
 
[debug] [2021-02-02T06:12:48.728Z] <<< HTTP RESPONSE 200 {"content-type":"application/json; charset=UTF-8","vary":"X-Origin, Referer, Origin,Accept-Encoding","date":"Tue, 02 Feb 2021 06:12:48 GMT","server":"ESF","cache-control":"private","x-xss-protection":"0","x-frame-options":"SAMEORIGIN","x-content-type-options":"nosniff","alt-svc":"h3-29=\":443\"; ma=2592000,h3-T051=\":443\"; ma=2592000,h3-Q050=\":443\"; ma=2592000,h3-Q046=\":443\"; ma=2592000,h3-Q043=\":443\"; ma=2592000,quic=\":443\"; ma=2592000; v=\"46,43\"","accept-ranges":"none","transfer-encoding":"chunked"}
[debug] [2021-02-02T06:12:50.733Z] >>> HTTP REQUEST GET https://cloudfunctions.googleapis.com/v1/operations/dmFraS1wcm9qZWN0LWQwMGJkL3VzLWNlbnRyYWwxL2NoZWNrRGlzcG9uaWJpbGlkYWQvNGk5R19xazVJMTg  
 
[debug] [2021-02-02T06:12:51.348Z] <<< HTTP RESPONSE 200 {"content-type":"application/json; charset=UTF-8","vary":"X-Origin, Referer, Origin,Accept-Encoding","date":"Tue, 02 Feb 2021 06:12:51 GMT","server":"ESF","cache-control":"private","x-xss-protection":"0","x-frame-options":"SAMEORIGIN","x-content-type-options":"nosniff","alt-svc":"h3-29=\":443\"; ma=2592000,h3-T051=\":443\"; ma=2592000,h3-Q050=\":443\"; ma=2592000,h3-Q046=\":443\"; ma=2592000,h3-Q043=\":443\"; ma=2592000,quic=\":443\"; ma=2592000; v=\"46,43\"","accept-ranges":"none","transfer-encoding":"chunked"}
[debug] [2021-02-02T06:12:53.353Z] >>> HTTP REQUEST GET https://cloudfunctions.googleapis.com/v1/operations/dmFraS1wcm9qZWN0LWQwMGJkL3VzLWNlbnRyYWwxL2NoZWNrRGlzcG9uaWJpbGlkYWQvNGk5R19xazVJMTg  
 
[debug] [2021-02-02T06:12:53.968Z] <<< HTTP RESPONSE 200 {"content-type":"application/json; charset=UTF-8","vary":"X-Origin, Referer, Origin,Accept-Encoding","date":"Tue, 02 Feb 2021 06:12:54 GMT","server":"ESF","cache-control":"private","x-xss-protection":"0","x-frame-options":"SAMEORIGIN","x-content-type-options":"nosniff","alt-svc":"h3-29=\":443\"; ma=2592000,h3-T051=\":443\"; ma=2592000,h3-Q050=\":443\"; ma=2592000,h3-Q046=\":443\"; ma=2592000,h3-Q043=\":443\"; ma=2592000,quic=\":443\"; ma=2592000; v=\"46,43\"","accept-ranges":"none","transfer-encoding":"chunked"}
[debug] [2021-02-02T06:12:55.973Z] >>> HTTP REQUEST GET https://cloudfunctions.googleapis.com/v1/operations/dmFraS1wcm9qZWN0LWQwMGJkL3VzLWNlbnRyYWwxL2NoZWNrRGlzcG9uaWJpbGlkYWQvNGk5R19xazVJMTg  
 
[debug] [2021-02-02T06:12:56.589Z] <<< HTTP RESPONSE 200 {"content-type":"application/json; charset=UTF-8","vary":"X-Origin, Referer, Origin,Accept-Encoding","date":"Tue, 02 Feb 2021 06:12:56 GMT","server":"ESF","cache-control":"private","x-xss-protection":"0","x-frame-options":"SAMEORIGIN","x-content-type-options":"nosniff","alt-svc":"h3-29=\":443\"; ma=2592000,h3-T051=\":443\"; ma=2592000,h3-Q050=\":443\"; ma=2592000,h3-Q046=\":443\"; ma=2592000,h3-Q043=\":443\"; ma=2592000,quic=\":443\"; ma=2592000; v=\"46,43\"","accept-ranges":"none","transfer-encoding":"chunked"}
[debug] [2021-02-02T06:12:58.594Z] >>> HTTP REQUEST GET https://cloudfunctions.googleapis.com/v1/operations/dmFraS1wcm9qZWN0LWQwMGJkL3VzLWNlbnRyYWwxL2NoZWNrRGlzcG9uaWJpbGlkYWQvNGk5R19xazVJMTg  
 
[debug] [2021-02-02T06:12:59.213Z] <<< HTTP RESPONSE 200 {"content-type":"application/json; charset=UTF-8","vary":"X-Origin, Referer, Origin,Accept-Encoding","date":"Tue, 02 Feb 2021 06:12:59 GMT","server":"ESF","cache-control":"private","x-xss-protection":"0","x-frame-options":"SAMEORIGIN","x-content-type-options":"nosniff","alt-svc":"h3-29=\":443\"; ma=2592000,h3-T051=\":443\"; ma=2592000,h3-Q050=\":443\"; ma=2592000,h3-Q046=\":443\"; ma=2592000,h3-Q043=\":443\"; ma=2592000,quic=\":443\"; ma=2592000; v=\"46,43\"","accept-ranges":"none","transfer-encoding":"chunked"}
[debug] [2021-02-02T06:13:01.216Z] >>> HTTP REQUEST GET https://cloudfunctions.googleapis.com/v1/operations/dmFraS1wcm9qZWN0LWQwMGJkL3VzLWNlbnRyYWwxL2NoZWNrRGlzcG9uaWJpbGlkYWQvNGk5R19xazVJMTg  
 
[debug] [2021-02-02T06:13:01.834Z] <<< HTTP RESPONSE 200 {"content-type":"application/json; charset=UTF-8","vary":"X-Origin, Referer, Origin,Accept-Encoding","date":"Tue, 02 Feb 2021 06:13:01 GMT","server":"ESF","cache-control":"private","x-xss-protection":"0","x-frame-options":"SAMEORIGIN","x-content-type-options":"nosniff","alt-svc":"h3-29=\":443\"; ma=2592000,h3-T051=\":443\"; ma=2592000,h3-Q050=\":443\"; ma=2592000,h3-Q046=\":443\"; ma=2592000,h3-Q043=\":443\"; ma=2592000,quic=\":443\"; ma=2592000; v=\"46,43\"","accept-ranges":"none","transfer-encoding":"chunked"}
[debug] [2021-02-02T06:13:03.839Z] >>> HTTP REQUEST GET https://cloudfunctions.googleapis.com/v1/operations/dmFraS1wcm9qZWN0LWQwMGJkL3VzLWNlbnRyYWwxL2NoZWNrRGlzcG9uaWJpbGlkYWQvNGk5R19xazVJMTg  
 
[debug] [2021-02-02T06:13:04.453Z] <<< HTTP RESPONSE 200 {"content-type":"application/json; charset=UTF-8","vary":"X-Origin, Referer, Origin,Accept-Encoding","date":"Tue, 02 Feb 2021 06:13:04 GMT","server":"ESF","cache-control":"private","x-xss-protection":"0","x-frame-options":"SAMEORIGIN","x-content-type-options":"nosniff","alt-svc":"h3-29=\":443\"; ma=2592000,h3-T051=\":443\"; ma=2592000,h3-Q050=\":443\"; ma=2592000,h3-Q046=\":443\"; ma=2592000,h3-Q043=\":443\"; ma=2592000,quic=\":443\"; ma=2592000; v=\"46,43\"","accept-ranges":"none","transfer-encoding":"chunked"}
[debug] [2021-02-02T06:13:06.454Z] >>> HTTP REQUEST GET https://cloudfunctions.googleapis.com/v1/operations/dmFraS1wcm9qZWN0LWQwMGJkL3VzLWNlbnRyYWwxL2NoZWNrRGlzcG9uaWJpbGlkYWQvNGk5R19xazVJMTg  
 
[debug] [2021-02-02T06:13:07.076Z] <<< HTTP RESPONSE 200 {"content-type":"application/json; charset=UTF-8","vary":"X-Origin, Referer, Origin,Accept-Encoding","date":"Tue, 02 Feb 2021 06:13:07 GMT","server":"ESF","cache-control":"private","x-xss-protection":"0","x-frame-options":"SAMEORIGIN","x-content-type-options":"nosniff","alt-svc":"h3-29=\":443\"; ma=2592000,h3-T051=\":443\"; ma=2592000,h3-Q050=\":443\"; ma=2592000,h3-Q046=\":443\"; ma=2592000,h3-Q043=\":443\"; ma=2592000,quic=\":443\"; ma=2592000; v=\"46,43\"","accept-ranges":"none","transfer-encoding":"chunked"}
[debug] [2021-02-02T06:13:09.078Z] >>> HTTP REQUEST GET https://cloudfunctions.googleapis.com/v1/operations/dmFraS1wcm9qZWN0LWQwMGJkL3VzLWNlbnRyYWwxL2NoZWNrRGlzcG9uaWJpbGlkYWQvNGk5R19xazVJMTg  
 
[debug] [2021-02-02T06:13:09.697Z] <<< HTTP RESPONSE 200 {"content-type":"application/json; charset=UTF-8","vary":"X-Origin, Referer, Origin,Accept-Encoding","date":"Tue, 02 Feb 2021 06:13:09 GMT","server":"ESF","cache-control":"private","x-xss-protection":"0","x-frame-options":"SAMEORIGIN","x-content-type-options":"nosniff","alt-svc":"h3-29=\":443\"; ma=2592000,h3-T051=\":443\"; ma=2592000,h3-Q050=\":443\"; ma=2592000,h3-Q046=\":443\"; ma=2592000,h3-Q043=\":443\"; ma=2592000,quic=\":443\"; ma=2592000; v=\"46,43\"","accept-ranges":"none","transfer-encoding":"chunked"}
[debug] [2021-02-02T06:13:11.701Z] >>> HTTP REQUEST GET https://cloudfunctions.googleapis.com/v1/operations/dmFraS1wcm9qZWN0LWQwMGJkL3VzLWNlbnRyYWwxL2NoZWNrRGlzcG9uaWJpbGlkYWQvNGk5R19xazVJMTg  
 
[debug] [2021-02-02T06:13:12.318Z] <<< HTTP RESPONSE 200 {"content-type":"application/json; charset=UTF-8","vary":"X-Origin, Referer, Origin,Accept-Encoding","date":"Tue, 02 Feb 2021 06:13:12 GMT","server":"ESF","cache-control":"private","x-xss-protection":"0","x-frame-options":"SAMEORIGIN","x-content-type-options":"nosniff","alt-svc":"h3-29=\":443\"; ma=2592000,h3-T051=\":443\"; ma=2592000,h3-Q050=\":443\"; ma=2592000,h3-Q046=\":443\"; ma=2592000,h3-Q043=\":443\"; ma=2592000,quic=\":443\"; ma=2592000; v=\"46,43\"","accept-ranges":"none","transfer-encoding":"chunked"}
[debug] [2021-02-02T06:13:14.319Z] >>> HTTP REQUEST GET https://cloudfunctions.googleapis.com/v1/operations/dmFraS1wcm9qZWN0LWQwMGJkL3VzLWNlbnRyYWwxL2NoZWNrRGlzcG9uaWJpbGlkYWQvNGk5R19xazVJMTg  
 
[debug] [2021-02-02T06:13:14.939Z] <<< HTTP RESPONSE 200 {"content-type":"application/json; charset=UTF-8","vary":"X-Origin, Referer, Origin,Accept-Encoding","date":"Tue, 02 Feb 2021 06:13:14 GMT","server":"ESF","cache-control":"private","x-xss-protection":"0","x-frame-options":"SAMEORIGIN","x-content-type-options":"nosniff","alt-svc":"h3-29=\":443\"; ma=2592000,h3-T051=\":443\"; ma=2592000,h3-Q050=\":443\"; ma=2592000,h3-Q046=\":443\"; ma=2592000,h3-Q043=\":443\"; ma=2592000,quic=\":443\"; ma=2592000; v=\"46,43\"","accept-ranges":"none","transfer-encoding":"chunked"}
[debug] [2021-02-02T06:13:16.939Z] >>> HTTP REQUEST GET https://cloudfunctions.googleapis.com/v1/operations/dmFraS1wcm9qZWN0LWQwMGJkL3VzLWNlbnRyYWwxL2NoZWNrRGlzcG9uaWJpbGlkYWQvNGk5R19xazVJMTg  
 
[debug] [2021-02-02T06:13:17.563Z] <<< HTTP RESPONSE 200 {"content-type":"application/json; charset=UTF-8","vary":"X-Origin, Referer, Origin,Accept-Encoding","date":"Tue, 02 Feb 2021 06:13:17 GMT","server":"ESF","cache-control":"private","x-xss-protection":"0","x-frame-options":"SAMEORIGIN","x-content-type-options":"nosniff","alt-svc":"h3-29=\":443\"; ma=2592000,h3-T051=\":443\"; ma=2592000,h3-Q050=\":443\"; ma=2592000,h3-Q046=\":443\"; ma=2592000,h3-Q043=\":443\"; ma=2592000,quic=\":443\"; ma=2592000; v=\"46,43\"","accept-ranges":"none","transfer-encoding":"chunked"}
[debug] [2021-02-02T06:13:19.569Z] >>> HTTP REQUEST GET https://cloudfunctions.googleapis.com/v1/operations/dmFraS1wcm9qZWN0LWQwMGJkL3VzLWNlbnRyYWwxL2NoZWNrRGlzcG9uaWJpbGlkYWQvNGk5R19xazVJMTg  
 
[debug] [2021-02-02T06:13:20.182Z] <<< HTTP RESPONSE 200 {"content-type":"application/json; charset=UTF-8","vary":"X-Origin, Referer, Origin,Accept-Encoding","date":"Tue, 02 Feb 2021 06:13:20 GMT","server":"ESF","cache-control":"private","x-xss-protection":"0","x-frame-options":"SAMEORIGIN","x-content-type-options":"nosniff","alt-svc":"h3-29=\":443\"; ma=2592000,h3-T051=\":443\"; ma=2592000,h3-Q050=\":443\"; ma=2592000,h3-Q046=\":443\"; ma=2592000,h3-Q043=\":443\"; ma=2592000,quic=\":443\"; ma=2592000; v=\"46,43\"","accept-ranges":"none","transfer-encoding":"chunked"}
[debug] [2021-02-02T06:13:22.182Z] >>> HTTP REQUEST GET https://cloudfunctions.googleapis.com/v1/operations/dmFraS1wcm9qZWN0LWQwMGJkL3VzLWNlbnRyYWwxL2NoZWNrRGlzcG9uaWJpbGlkYWQvNGk5R19xazVJMTg  
 
[debug] [2021-02-02T06:13:22.803Z] <<< HTTP RESPONSE 200 {"content-type":"application/json; charset=UTF-8","vary":"X-Origin, Referer, Origin,Accept-Encoding","date":"Tue, 02 Feb 2021 06:13:22 GMT","server":"ESF","cache-control":"private","x-xss-protection":"0","x-frame-options":"SAMEORIGIN","x-content-type-options":"nosniff","alt-svc":"h3-29=\":443\"; ma=2592000,h3-T051=\":443\"; ma=2592000,h3-Q050=\":443\"; ma=2592000,h3-Q046=\":443\"; ma=2592000,h3-Q043=\":443\"; ma=2592000,quic=\":443\"; ma=2592000; v=\"46,43\"","accept-ranges":"none","transfer-encoding":"chunked"}
[debug] [2021-02-02T06:13:24.805Z] >>> HTTP REQUEST GET https://cloudfunctions.googleapis.com/v1/operations/dmFraS1wcm9qZWN0LWQwMGJkL3VzLWNlbnRyYWwxL2NoZWNrRGlzcG9uaWJpbGlkYWQvNGk5R19xazVJMTg  
 
[debug] [2021-02-02T06:13:25.424Z] <<< HTTP RESPONSE 200 {"content-type":"application/json; charset=UTF-8","vary":"X-Origin, Referer, Origin,Accept-Encoding","date":"Tue, 02 Feb 2021 06:13:25 GMT","server":"ESF","cache-control":"private","x-xss-protection":"0","x-frame-options":"SAMEORIGIN","x-content-type-options":"nosniff","alt-svc":"h3-29=\":443\"; ma=2592000,h3-T051=\":443\"; ma=2592000,h3-Q050=\":443\"; ma=2592000,h3-Q046=\":443\"; ma=2592000,h3-Q043=\":443\"; ma=2592000,quic=\":443\"; ma=2592000; v=\"46,43\"","accept-ranges":"none","transfer-encoding":"chunked"}
[debug] [2021-02-02T06:13:27.425Z] >>> HTTP REQUEST GET https://cloudfunctions.googleapis.com/v1/operations/dmFraS1wcm9qZWN0LWQwMGJkL3VzLWNlbnRyYWwxL2NoZWNrRGlzcG9uaWJpbGlkYWQvNGk5R19xazVJMTg  
 
[debug] [2021-02-02T06:13:28.046Z] <<< HTTP RESPONSE 200 {"content-type":"application/json; charset=UTF-8","vary":"X-Origin, Referer, Origin,Accept-Encoding","date":"Tue, 02 Feb 2021 06:13:28 GMT","server":"ESF","cache-control":"private","x-xss-protection":"0","x-frame-options":"SAMEORIGIN","x-content-type-options":"nosniff","alt-svc":"h3-29=\":443\"; ma=2592000,h3-T051=\":443\"; ma=2592000,h3-Q050=\":443\"; ma=2592000,h3-Q046=\":443\"; ma=2592000,h3-Q043=\":443\"; ma=2592000,quic=\":443\"; ma=2592000; v=\"46,43\"","accept-ranges":"none","transfer-encoding":"chunked"}
[info] ✔  functions[checkDisponibilidad(us-central1)]: Successful create operation.  
[info] Function URL (checkDisponibilidad): https://us-central1-vaki-project-d00bd.cloudfunctions.net/checkDisponibilidad
[info] 
[info] ✔  Deploy complete! 
[info] 
[info] Project Console: https://console.firebase.google.com/project/vaki-project-d00bd/overview
